<?xml version="1.0" encoding="UTF-8"?>
<testng-results ignored="0" total="4" passed="4" failed="0" skipped="0">
  <reporter-output>
  </reporter-output>
  <suite started-at="2020-10-13T23:47:59 EDT" name="Surefire suite" finished-at="2020-10-13T23:48:00 EDT" duration-ms="915">
    <groups>
    </groups>
    <test started-at="2020-10-13T23:47:59 EDT" name="Surefire test" finished-at="2020-10-13T23:48:00 EDT" duration-ms="915">
      <class name="qaclickacademy.Mavenjava.AppiumTest">
        <test-method signature="NativeAppAndroid()" started-at="2020-10-13T23:48:00 EDT" name="NativeAppAndroid" finished-at="2020-10-13T23:48:00 EDT" duration-ms="2" status="PASS">
          <reporter-output>
          </reporter-output>
        </test-method> <!-- NativeAppAndroid -->
        <test-method signature="IOSApps()" started-at="2020-10-13T23:48:00 EDT" name="IOSApps" finished-at="2020-10-13T23:48:00 EDT" duration-ms="1" status="PASS">
          <reporter-output>
          </reporter-output>
        </test-method> <!-- IOSApps -->
      </class> <!-- qaclickacademy.Mavenjava.AppiumTest -->
      <class name="qaclickacademy.Mavenjava.APITest">
        <test-method signature="deleteTwitter()" started-at="2020-10-13T23:48:00 EDT" name="deleteTwitter" finished-at="2020-10-13T23:48:00 EDT" duration-ms="12" status="PASS">
          <reporter-output>
          </reporter-output>
        </test-method> <!-- deleteTwitter -->
        <test-method signature="postJira()" started-at="2020-10-13T23:48:00 EDT" name="postJira" finished-at="2020-10-13T23:48:00 EDT" duration-ms="16" status="PASS">
          <reporter-output>
          </reporter-output>
        </test-method> <!-- postJira -->
      </class> <!-- qaclickacademy.Mavenjava.APITest -->
    </test> <!-- Surefire test -->
  </suite> <!-- Surefire suite -->
</testng-results>
