<?xml version="1.0" encoding="UTF-8"?>
<!-- Generated by org.testng.reporters.JUnitXMLReporter -->
<testsuite ignored="1" hostname="VAIO" failures="0" tests="1" name="Default test" time="0.083" errors="0" timestamp="2020-10-15T19:07:59 EDT">
  <testcase classname="qaclickacademy.Mavenjava.APITest" name="postJira" time="0.011"/>
  <testcase classname="qaclickacademy.Mavenjava.APITest" name="deleteTwitter" time="0.0">
    <ignored/>
  </testcase> <!-- deleteTwitter -->
</testsuite> <!-- Default test -->
