<?xml version="1.0" encoding="UTF-8"?>
<testng-results ignored="0" total="2" passed="2" failed="0" skipped="0">
  <reporter-output>
  </reporter-output>
  <suite started-at="2020-10-13T23:47:54 EDT" name="Surefire suite" finished-at="2020-10-13T23:47:54 EDT" duration-ms="180">
    <groups>
    </groups>
    <test started-at="2020-10-13T23:47:54 EDT" name="Surefire test" finished-at="2020-10-13T23:47:54 EDT" duration-ms="180">
      <class name="qaclickacademy.Mavenjava.SeleniumTest">
        <test-method signature="BrowserAutomation()[pri:0, instance:qaclickacademy.Mavenjava.SeleniumTest@6771beb3]" started-at="2020-10-13T23:47:54 EDT" name="BrowserAutomation" finished-at="2020-10-13T23:47:54 EDT" duration-ms="7" status="PASS">
          <reporter-output>
          </reporter-output>
        </test-method> <!-- BrowserAutomation -->
        <test-method signature="elementsUI()[pri:0, instance:qaclickacademy.Mavenjava.SeleniumTest@6771beb3]" started-at="2020-10-13T23:47:54 EDT" name="elementsUI" finished-at="2020-10-13T23:47:54 EDT" duration-ms="1" status="PASS">
          <reporter-output>
          </reporter-output>
        </test-method> <!-- elementsUI -->
      </class> <!-- qaclickacademy.Mavenjava.SeleniumTest -->
    </test> <!-- Surefire test -->
  </suite> <!-- Surefire suite -->
</testng-results>
