<?xml version="1.0" encoding="UTF-8"?>
<!-- Generated by org.testng.reporters.JUnitXMLReporter -->
<testsuite ignored="0" hostname="VAIO" failures="0" tests="4" name="Test" time="0.095" errors="0" timestamp="2020-10-14T00:23:24 EDT">
  <testcase classname="qaclickacademy.Mavenjava.AppiumTest" name="IOSApps" time="0.008"/>
  <testcase classname="qaclickacademy.Mavenjava.AppiumTest" name="NativeAppAndroid" time="0.001"/>
  <testcase classname="qaclickacademy.Mavenjava.APITest" name="deleteTwitter" time="0.0"/>
  <testcase classname="qaclickacademy.Mavenjava.APITest" name="postJira" time="0.0"/>
</testsuite> <!-- Test -->
