<?xml version="1.0" encoding="UTF-8"?>
<testng-results ignored="0" total="4" passed="4" failed="0" skipped="0">
  <reporter-output>
  </reporter-output>
  <suite started-at="2020-10-14T00:23:24 EDT" name="Suite" finished-at="2020-10-14T00:23:24 EDT" duration-ms="95">
    <groups>
    </groups>
    <test started-at="2020-10-14T00:23:24 EDT" name="Test" finished-at="2020-10-14T00:23:24 EDT" duration-ms="95">
      <class name="qaclickacademy.Mavenjava.AppiumTest">
        <test-method signature="IOSApps()[pri:0, instance:qaclickacademy.Mavenjava.AppiumTest@762ef0ea]" started-at="2020-10-14T00:23:24 EDT" name="IOSApps" finished-at="2020-10-14T00:23:24 EDT" duration-ms="8" status="PASS">
          <reporter-output>
          </reporter-output>
        </test-method> <!-- IOSApps -->
        <test-method signature="NativeAppAndroid()[pri:0, instance:qaclickacademy.Mavenjava.AppiumTest@762ef0ea]" started-at="2020-10-14T00:23:24 EDT" name="NativeAppAndroid" finished-at="2020-10-14T00:23:24 EDT" duration-ms="1" status="PASS">
          <reporter-output>
          </reporter-output>
        </test-method> <!-- NativeAppAndroid -->
      </class> <!-- qaclickacademy.Mavenjava.AppiumTest -->
      <class name="qaclickacademy.Mavenjava.APITest">
        <test-method signature="deleteTwitter()[pri:0, instance:qaclickacademy.Mavenjava.APITest@31f9b85e]" started-at="2020-10-14T00:23:24 EDT" name="deleteTwitter" finished-at="2020-10-14T00:23:24 EDT" duration-ms="0" status="PASS">
          <reporter-output>
          </reporter-output>
        </test-method> <!-- deleteTwitter -->
        <test-method signature="postJira()[pri:0, instance:qaclickacademy.Mavenjava.APITest@31f9b85e]" started-at="2020-10-14T00:23:24 EDT" name="postJira" finished-at="2020-10-14T00:23:24 EDT" duration-ms="0" status="PASS">
          <reporter-output>
          </reporter-output>
        </test-method> <!-- postJira -->
      </class> <!-- qaclickacademy.Mavenjava.APITest -->
    </test> <!-- Test -->
  </suite> <!-- Suite -->
</testng-results>
