<?xml version="1.0" encoding="UTF-8"?>
<testng-results ignored="1" total="2" passed="1" failed="0" skipped="0">
  <reporter-output>
  </reporter-output>
  <suite started-at="2020-10-15T19:07:58 EDT" name="Default suite" finished-at="2020-10-15T19:07:58 EDT" duration-ms="83">
    <groups>
    </groups>
    <test started-at="2020-10-15T19:07:58 EDT" name="Default test" finished-at="2020-10-15T19:07:58 EDT" duration-ms="83">
      <class name="qaclickacademy.Mavenjava.APITest">
        <test-method signature="postJira()[pri:0, instance:qaclickacademy.Mavenjava.APITest@78ffe6dc]" started-at="2020-10-15T19:07:58 EDT" name="postJira" finished-at="2020-10-15T19:07:58 EDT" duration-ms="11" status="PASS">
          <reporter-output>
          </reporter-output>
        </test-method> <!-- postJira -->
      </class> <!-- qaclickacademy.Mavenjava.APITest -->
    </test> <!-- Default test -->
  </suite> <!-- Default suite -->
</testng-results>
