<?xml version="1.0" encoding="UTF-8"?>
<!-- Generated by org.testng.reporters.JUnitXMLReporter -->
<testsuite ignored="0" hostname="VAIO" failures="0" tests="4" name="Surefire test" time="0.915" errors="0" timestamp="2020-10-13T23:48:00 EDT">
  <testcase classname="qaclickacademy.Mavenjava.APITest" name="deleteTwitter on deleteTwitter(qaclickacademy.Mavenjava.APITest)" time="0.012"/>
  <testcase classname="qaclickacademy.Mavenjava.APITest" name="postJira on postJira(qaclickacademy.Mavenjava.APITest)" time="0.016"/>
  <testcase classname="qaclickacademy.Mavenjava.AppiumTest" name="IOSApps on IOSApps(qaclickacademy.Mavenjava.AppiumTest)" time="0.001"/>
  <testcase classname="qaclickacademy.Mavenjava.AppiumTest" name="NativeAppAndroid on NativeAppAndroid(qaclickacademy.Mavenjava.AppiumTest)" time="0.002"/>
</testsuite> <!-- Surefire test -->
